{"/home/valentina/Università/GitHub/trentose2jan12/area.js": {"path":"/home/valentina/Università/GitHub/trentose2jan12/area.js","statementMap":{"0":{"start":{"line":3,"column":15},"end":{"line":3,"column":17}},"1":{"start":{"line":4,"column":4},"end":{"line":11,"column":5}},"2":{"start":{"line":5,"column":20},"end":{"line":5,"column":28}},"3":{"start":{"line":6,"column":20},"end":{"line":6,"column":28}},"4":{"start":{"line":8,"column":8},"end":{"line":10,"column":9}},"5":{"start":{"line":9,"column":12},"end":{"line":9,"column":31}},"6":{"start":{"line":13,"column":4},"end":{"line":13,"column":16}},"7":{"start":{"line":16,"column":0},"end":{"line":16,"column":25}}},"fnMap":{"0":{"name":"getArea","decl":{"start":{"line":1,"column":9},"end":{"line":1,"column":16}},"loc":{"start":{"line":1,"column":23},"end":{"line":14,"column":1}},"line":1}},"branchMap":{"0":{"loc":{"start":{"line":4,"column":4},"end":{"line":11,"column":5}},"type":"if","locations":[{"start":{"line":4,"column":4},"end":{"line":11,"column":5}},{"start":{"line":4,"column":4},"end":{"line":11,"column":5}}],"line":4},"1":{"loc":{"start":{"line":8,"column":8},"end":{"line":10,"column":9}},"type":"if","locations":[{"start":{"line":8,"column":8},"end":{"line":10,"column":9}},{"start":{"line":8,"column":8},"end":{"line":10,"column":9}}],"line":8},"2":{"loc":{"start":{"line":8,"column":11},"end":{"line":8,"column":35}},"type":"binary-expr","locations":[{"start":{"line":8,"column":11},"end":{"line":8,"column":21}},{"start":{"line":8,"column":25},"end":{"line":8,"column":35}}],"line":8}},"s":{"0":5,"1":5,"2":3,"3":3,"4":3,"5":2,"6":5,"7":1},"f":{"0":5},"b":{"0":[3,2],"1":[2,1],"2":[3,2]},"_coverageSchema":"332fd63041d2c1bcb487cc26dd0d5f7d97098a6c","hash":"daabf2a5c950acf3e453ae2a6f78bde413e0f739"}
}
